[0.134s] Invoking command in '/home/user/ros2_ws/src/build/cpp_pubsub': CMAKE_PREFIX_PATH=${CMAKE_PREFIX_PATH}:/opt/ros/humble /usr/bin/cmake --build /home/user/ros2_ws/src/build/cpp_pubsub -- -j12 -l12
[0.191s] [100%] Built target talker
[0.210s] Invoked command in '/home/user/ros2_ws/src/build/cpp_pubsub' returned '0': CMAKE_PREFIX_PATH=${CMAKE_PREFIX_PATH}:/opt/ros/humble /usr/bin/cmake --build /home/user/ros2_ws/src/build/cpp_pubsub -- -j12 -l12
[0.255s] Invoking command in '/home/user/ros2_ws/src/build/cpp_pubsub': CMAKE_PREFIX_PATH=${CMAKE_PREFIX_PATH}:/opt/ros/humble /usr/bin/cmake --install /home/user/ros2_ws/src/build/cpp_pubsub
[0.264s] -- Install configuration: ""
[0.264s] -- Up-to-date: /home/user/ros2_ws/src/install/cpp_pubsub/lib/cpp_pubsub/talker
[0.265s] -- Up-to-date: /home/user/ros2_ws/src/install/cpp_pubsub/share/ament_index/resource_index/package_run_dependencies/cpp_pubsub
[0.265s] -- Up-to-date: /home/user/ros2_ws/src/install/cpp_pubsub/share/ament_index/resource_index/parent_prefix_path/cpp_pubsub
[0.265s] -- Up-to-date: /home/user/ros2_ws/src/install/cpp_pubsub/share/cpp_pubsub/environment/ament_prefix_path.sh
[0.266s] -- Up-to-date: /home/user/ros2_ws/src/install/cpp_pubsub/share/cpp_pubsub/environment/ament_prefix_path.dsv
[0.266s] -- Up-to-date: /home/user/ros2_ws/src/install/cpp_pubsub/share/cpp_pubsub/environment/path.sh
[0.266s] -- Up-to-date: /home/user/ros2_ws/src/install/cpp_pubsub/share/cpp_pubsub/environment/path.dsv
[0.266s] -- Up-to-date: /home/user/ros2_ws/src/install/cpp_pubsub/share/cpp_pubsub/local_setup.bash
[0.267s] -- Up-to-date: /home/user/ros2_ws/src/install/cpp_pubsub/share/cpp_pubsub/local_setup.sh
[0.267s] -- Up-to-date: /home/user/ros2_ws/src/install/cpp_pubsub/share/cpp_pubsub/local_setup.zsh
[0.267s] -- Up-to-date: /home/user/ros2_ws/src/install/cpp_pubsub/share/cpp_pubsub/local_setup.dsv
[0.267s] -- Installing: /home/user/ros2_ws/src/install/cpp_pubsub/share/cpp_pubsub/package.dsv
[0.267s] -- Up-to-date: /home/user/ros2_ws/src/install/cpp_pubsub/share/ament_index/resource_index/packages/cpp_pubsub
[0.268s] -- Up-to-date: /home/user/ros2_ws/src/install/cpp_pubsub/share/cpp_pubsub/cmake/cpp_pubsubConfig.cmake
[0.268s] -- Up-to-date: /home/user/ros2_ws/src/install/cpp_pubsub/share/cpp_pubsub/cmake/cpp_pubsubConfig-version.cmake
[0.268s] -- Up-to-date: /home/user/ros2_ws/src/install/cpp_pubsub/share/cpp_pubsub/package.xml
[0.269s] Invoked command in '/home/user/ros2_ws/src/build/cpp_pubsub' returned '0': CMAKE_PREFIX_PATH=${CMAKE_PREFIX_PATH}:/opt/ros/humble /usr/bin/cmake --install /home/user/ros2_ws/src/build/cpp_pubsub
