[1.205s] DEBUG:colcon:Command line arguments: ['/usr/bin/colcon', 'build']
[1.205s] DEBUG:colcon:Parsed command line arguments: Namespace(log_base=None, log_level=None, verb_name='build', build_base='build', install_base='install', merge_install=False, symlink_install=False, test_result_base=None, continue_on_error=False, executor='parallel', parallel_workers=12, event_handlers=None, ignore_user_meta=False, metas=['./colcon.meta'], base_paths=['.'], packages_ignore=None, packages_ignore_regex=None, paths=None, packages_up_to=None, packages_up_to_regex=None, packages_above=None, packages_above_and_dependencies=None, packages_above_depth=None, packages_select_by_dep=None, packages_skip_by_dep=None, packages_skip_up_to=None, packages_select_build_failed=False, packages_skip_build_finished=False, packages_select_test_failures=False, packages_skip_test_passed=False, packages_select=None, packages_skip=None, packages_select_regex=None, packages_skip_regex=None, packages_start=None, packages_end=None, cmake_args=None, cmake_target=None, cmake_target_skip_unavailable=False, cmake_clean_cache=False, cmake_clean_first=False, cmake_force_configure=False, ament_cmake_args=None, catkin_cmake_args=None, catkin_skip_building_tests=False, mixin_files=None, mixin=None, verb_parser=<colcon_mixin.mixin.mixin_argument.MixinArgumentDecorator object at 0x7f46d8f89420>, verb_extension=<colcon_core.verb.build.BuildVerb object at 0x7f46d9244310>, main=<bound method BuildVerb.main of <colcon_core.verb.build.BuildVerb object at 0x7f46d9244310>>, mixin_verb=('build',))
[1.250s] Level 1:colcon.colcon_core.package_discovery:discover_packages(colcon_meta) check parameters
[1.250s] Level 1:colcon.colcon_core.package_discovery:discover_packages(recursive) check parameters
[1.250s] Level 1:colcon.colcon_core.package_discovery:discover_packages(ignore) check parameters
[1.250s] Level 1:colcon.colcon_core.package_discovery:discover_packages(path) check parameters
[1.250s] Level 1:colcon.colcon_core.package_discovery:discover_packages(colcon_meta) discover
[1.250s] Level 1:colcon.colcon_core.package_discovery:discover_packages(recursive) discover
[1.250s] INFO:colcon.colcon_core.package_discovery:Crawling recursively for packages in '/home/user/ros2_ws/src'
[1.250s] Level 1:colcon.colcon_core.package_identification:_identify(.) by extensions ['ignore', 'ignore_ament_install']
[1.250s] Level 1:colcon.colcon_core.package_identification:_identify(.) by extension 'ignore'
[1.250s] Level 1:colcon.colcon_core.package_identification:_identify(.) by extension 'ignore_ament_install'
[1.251s] Level 1:colcon.colcon_core.package_identification:_identify(.) by extensions ['colcon_pkg']
[1.251s] Level 1:colcon.colcon_core.package_identification:_identify(.) by extension 'colcon_pkg'
[1.251s] Level 1:colcon.colcon_core.package_identification:_identify(.) by extensions ['colcon_meta']
[1.251s] Level 1:colcon.colcon_core.package_identification:_identify(.) by extension 'colcon_meta'
[1.251s] Level 1:colcon.colcon_core.package_identification:_identify(.) by extensions ['ros']
[1.251s] Level 1:colcon.colcon_core.package_identification:_identify(.) by extension 'ros'
[1.262s] Level 1:colcon.colcon_core.package_identification:_identify(.) by extensions ['cmake', 'python']
[1.262s] Level 1:colcon.colcon_core.package_identification:_identify(.) by extension 'cmake'
[1.262s] Level 1:colcon.colcon_core.package_identification:_identify(.) by extension 'python'
[1.262s] Level 1:colcon.colcon_core.package_identification:_identify(.) by extensions ['python_setup_py']
[1.262s] Level 1:colcon.colcon_core.package_identification:_identify(.) by extension 'python_setup_py'
[1.263s] Level 1:colcon.colcon_core.package_identification:_identify(build) by extensions ['ignore', 'ignore_ament_install']
[1.263s] Level 1:colcon.colcon_core.package_identification:_identify(build) by extension 'ignore'
[1.263s] Level 1:colcon.colcon_core.package_identification:_identify(build) ignored
[1.263s] Level 1:colcon.colcon_core.package_identification:_identify(cpp_pubsub) by extensions ['ignore', 'ignore_ament_install']
[1.263s] Level 1:colcon.colcon_core.package_identification:_identify(cpp_pubsub) by extension 'ignore'
[1.263s] Level 1:colcon.colcon_core.package_identification:_identify(cpp_pubsub) by extension 'ignore_ament_install'
[1.263s] Level 1:colcon.colcon_core.package_identification:_identify(cpp_pubsub) by extensions ['colcon_pkg']
[1.263s] Level 1:colcon.colcon_core.package_identification:_identify(cpp_pubsub) by extension 'colcon_pkg'
[1.263s] Level 1:colcon.colcon_core.package_identification:_identify(cpp_pubsub) by extensions ['colcon_meta']
[1.263s] Level 1:colcon.colcon_core.package_identification:_identify(cpp_pubsub) by extension 'colcon_meta'
[1.263s] Level 1:colcon.colcon_core.package_identification:_identify(cpp_pubsub) by extensions ['ros']
[1.263s] Level 1:colcon.colcon_core.package_identification:_identify(cpp_pubsub) by extension 'ros'
[1.266s] DEBUG:colcon.colcon_core.package_identification:Package 'cpp_pubsub' with type 'ros.ament_cmake' and name 'cpp_pubsub'
[1.266s] Level 1:colcon.colcon_core.package_identification:_identify(install) by extensions ['ignore', 'ignore_ament_install']
[1.266s] Level 1:colcon.colcon_core.package_identification:_identify(install) by extension 'ignore'
[1.266s] Level 1:colcon.colcon_core.package_identification:_identify(install) ignored
[1.266s] Level 1:colcon.colcon_core.package_identification:_identify(log) by extensions ['ignore', 'ignore_ament_install']
[1.266s] Level 1:colcon.colcon_core.package_identification:_identify(log) by extension 'ignore'
[1.267s] Level 1:colcon.colcon_core.package_identification:_identify(log) ignored
[1.267s] Level 1:colcon.colcon_core.package_identification:_identify(roboclaw_ros2) by extensions ['ignore', 'ignore_ament_install']
[1.267s] Level 1:colcon.colcon_core.package_identification:_identify(roboclaw_ros2) by extension 'ignore'
[1.267s] Level 1:colcon.colcon_core.package_identification:_identify(roboclaw_ros2) by extension 'ignore_ament_install'
[1.267s] Level 1:colcon.colcon_core.package_identification:_identify(roboclaw_ros2) by extensions ['colcon_pkg']
[1.267s] Level 1:colcon.colcon_core.package_identification:_identify(roboclaw_ros2) by extension 'colcon_pkg'
[1.267s] Level 1:colcon.colcon_core.package_identification:_identify(roboclaw_ros2) by extensions ['colcon_meta']
[1.267s] Level 1:colcon.colcon_core.package_identification:_identify(roboclaw_ros2) by extension 'colcon_meta'
[1.267s] Level 1:colcon.colcon_core.package_identification:_identify(roboclaw_ros2) by extensions ['ros']
[1.267s] Level 1:colcon.colcon_core.package_identification:_identify(roboclaw_ros2) by extension 'ros'
[1.268s] DEBUG:colcon.colcon_core.package_identification:Package 'roboclaw_ros2' with type 'ros.ament_cmake' and name 'roboclaw_ros2'
[1.268s] Level 1:colcon.colcon_core.package_discovery:discover_packages(recursive) using defaults
[1.268s] Level 1:colcon.colcon_core.package_discovery:discover_packages(ignore) discover
[1.269s] Level 1:colcon.colcon_core.package_discovery:discover_packages(ignore) using defaults
[1.269s] Level 1:colcon.colcon_core.package_discovery:discover_packages(path) discover
[1.269s] Level 1:colcon.colcon_core.package_discovery:discover_packages(path) using defaults
[1.344s] Level 5:colcon.colcon_core.verb:set package 'cpp_pubsub' build argument 'cmake_args' from command line to 'None'
[1.344s] Level 5:colcon.colcon_core.verb:set package 'cpp_pubsub' build argument 'cmake_target' from command line to 'None'
[1.344s] Level 5:colcon.colcon_core.verb:set package 'cpp_pubsub' build argument 'cmake_target_skip_unavailable' from command line to 'False'
[1.344s] Level 5:colcon.colcon_core.verb:set package 'cpp_pubsub' build argument 'cmake_clean_cache' from command line to 'False'
[1.344s] Level 5:colcon.colcon_core.verb:set package 'cpp_pubsub' build argument 'cmake_clean_first' from command line to 'False'
[1.344s] Level 5:colcon.colcon_core.verb:set package 'cpp_pubsub' build argument 'cmake_force_configure' from command line to 'False'
[1.344s] Level 5:colcon.colcon_core.verb:set package 'cpp_pubsub' build argument 'ament_cmake_args' from command line to 'None'
[1.344s] Level 5:colcon.colcon_core.verb:set package 'cpp_pubsub' build argument 'catkin_cmake_args' from command line to 'None'
[1.345s] Level 5:colcon.colcon_core.verb:set package 'cpp_pubsub' build argument 'catkin_skip_building_tests' from command line to 'False'
[1.345s] DEBUG:colcon.colcon_core.verb:Building package 'cpp_pubsub' with the following arguments: {'ament_cmake_args': None, 'build_base': '/home/user/ros2_ws/src/build/cpp_pubsub', 'catkin_cmake_args': None, 'catkin_skip_building_tests': False, 'cmake_args': None, 'cmake_clean_cache': False, 'cmake_clean_first': False, 'cmake_force_configure': False, 'cmake_target': None, 'cmake_target_skip_unavailable': False, 'install_base': '/home/user/ros2_ws/src/install/cpp_pubsub', 'merge_install': False, 'path': '/home/user/ros2_ws/src/cpp_pubsub', 'symlink_install': False, 'test_result_base': None}
[1.359s] Level 5:colcon.colcon_core.verb:set package 'roboclaw_ros2' build argument 'cmake_args' from command line to 'None'
[1.359s] Level 5:colcon.colcon_core.verb:set package 'roboclaw_ros2' build argument 'cmake_target' from command line to 'None'
[1.359s] Level 5:colcon.colcon_core.verb:set package 'roboclaw_ros2' build argument 'cmake_target_skip_unavailable' from command line to 'False'
[1.359s] Level 5:colcon.colcon_core.verb:set package 'roboclaw_ros2' build argument 'cmake_clean_cache' from command line to 'False'
[1.359s] Level 5:colcon.colcon_core.verb:set package 'roboclaw_ros2' build argument 'cmake_clean_first' from command line to 'False'
[1.359s] Level 5:colcon.colcon_core.verb:set package 'roboclaw_ros2' build argument 'cmake_force_configure' from command line to 'False'
[1.359s] Level 5:colcon.colcon_core.verb:set package 'roboclaw_ros2' build argument 'ament_cmake_args' from command line to 'None'
[1.359s] Level 5:colcon.colcon_core.verb:set package 'roboclaw_ros2' build argument 'catkin_cmake_args' from command line to 'None'
[1.359s] Level 5:colcon.colcon_core.verb:set package 'roboclaw_ros2' build argument 'catkin_skip_building_tests' from command line to 'False'
[1.359s] DEBUG:colcon.colcon_core.verb:Building package 'roboclaw_ros2' with the following arguments: {'ament_cmake_args': None, 'build_base': '/home/user/ros2_ws/src/build/roboclaw_ros2', 'catkin_cmake_args': None, 'catkin_skip_building_tests': False, 'cmake_args': None, 'cmake_clean_cache': False, 'cmake_clean_first': False, 'cmake_force_configure': False, 'cmake_target': None, 'cmake_target_skip_unavailable': False, 'install_base': '/home/user/ros2_ws/src/install/roboclaw_ros2', 'merge_install': False, 'path': '/home/user/ros2_ws/src/roboclaw_ros2', 'symlink_install': False, 'test_result_base': None}
[1.373s] INFO:colcon.colcon_core.executor:Executing jobs using 'parallel' executor
[1.387s] DEBUG:colcon.colcon_parallel_executor.executor.parallel:run_until_complete
[1.388s] INFO:colcon.colcon_ros.task.ament_cmake.build:Building ROS package in '/home/user/ros2_ws/src/cpp_pubsub' with build type 'ament_cmake'
[1.388s] INFO:colcon.colcon_cmake.task.cmake.build:Building CMake package in '/home/user/ros2_ws/src/cpp_pubsub'
[1.405s] INFO:colcon.colcon_core.plugin_system:Skipping extension 'colcon_core.shell.bat': Not used on non-Windows systems
[1.405s] INFO:colcon.colcon_core.shell:Skip shell extension 'powershell' for command environment: Not usable outside of PowerShell
[1.406s] DEBUG:colcon.colcon_core.shell:Skip shell extension 'dsv' for command environment
[1.452s] INFO:colcon.colcon_ros.task.ament_cmake.build:Building ROS package in '/home/user/ros2_ws/src/roboclaw_ros2' with build type 'ament_cmake'
[1.452s] INFO:colcon.colcon_cmake.task.cmake.build:Building CMake package in '/home/user/ros2_ws/src/roboclaw_ros2'
[1.467s] INFO:colcon.colcon_core.shell:Skip shell extension 'powershell' for command environment: Not usable outside of PowerShell
[1.467s] DEBUG:colcon.colcon_core.shell:Skip shell extension 'dsv' for command environment
[1.526s] DEBUG:colcon.colcon_core.event_handler.log_command:Invoking command in '/home/user/ros2_ws/src/build/cpp_pubsub': CMAKE_PREFIX_PATH=${CMAKE_PREFIX_PATH}:/opt/ros/humble /usr/bin/cmake --build /home/user/ros2_ws/src/build/cpp_pubsub -- -j12 -l12
[1.530s] DEBUG:colcon.colcon_core.event_handler.log_command:Invoking command in '/home/user/ros2_ws/src/build/roboclaw_ros2': CMAKE_PREFIX_PATH=${CMAKE_PREFIX_PATH}:/opt/ros/humble /usr/bin/cmake --build /home/user/ros2_ws/src/build/roboclaw_ros2 -- -j12 -l12
[1.584s] DEBUG:colcon.colcon_core.event_handler.log_command:Invoked command in '/home/user/ros2_ws/src/build/cpp_pubsub' returned '0': CMAKE_PREFIX_PATH=${CMAKE_PREFIX_PATH}:/opt/ros/humble /usr/bin/cmake --build /home/user/ros2_ws/src/build/cpp_pubsub -- -j12 -l12
[1.614s] DEBUG:colcon.colcon_core.event_handler.log_command:Invoking command in '/home/user/ros2_ws/src/build/cpp_pubsub': CMAKE_PREFIX_PATH=${CMAKE_PREFIX_PATH}:/opt/ros/humble /usr/bin/cmake --install /home/user/ros2_ws/src/build/cpp_pubsub
[1.624s] Level 1:colcon.colcon_core.environment:create_environment_scripts_only(cpp_pubsub)
[1.624s] DEBUG:colcon.colcon_core.event_handler.log_command:Invoked command in '/home/user/ros2_ws/src/build/cpp_pubsub' returned '0': CMAKE_PREFIX_PATH=${CMAKE_PREFIX_PATH}:/opt/ros/humble /usr/bin/cmake --install /home/user/ros2_ws/src/build/cpp_pubsub
[1.642s] Level 1:colcon.colcon_core.environment:checking '/home/user/ros2_ws/src/install/cpp_pubsub' for CMake module files
[1.643s] Level 1:colcon.colcon_core.environment:checking '/home/user/ros2_ws/src/install/cpp_pubsub' for CMake config files
[1.643s] Level 1:colcon.colcon_core.shell:create_environment_hook('cpp_pubsub', 'cmake_prefix_path')
[1.658s] INFO:colcon.colcon_core.shell:Creating environment hook '/home/user/ros2_ws/src/install/cpp_pubsub/share/cpp_pubsub/hook/cmake_prefix_path.ps1'
[1.659s] INFO:colcon.colcon_core.shell:Creating environment descriptor '/home/user/ros2_ws/src/install/cpp_pubsub/share/cpp_pubsub/hook/cmake_prefix_path.dsv'
[1.660s] INFO:colcon.colcon_core.shell:Creating environment hook '/home/user/ros2_ws/src/install/cpp_pubsub/share/cpp_pubsub/hook/cmake_prefix_path.sh'
[1.661s] Level 1:colcon.colcon_core.environment:checking '/home/user/ros2_ws/src/install/cpp_pubsub/lib'
[1.661s] Level 1:colcon.colcon_core.environment:checking '/home/user/ros2_ws/src/install/cpp_pubsub/bin'
[1.661s] Level 1:colcon.colcon_core.environment:checking '/home/user/ros2_ws/src/install/cpp_pubsub/lib/pkgconfig/cpp_pubsub.pc'
[1.663s] Level 1:colcon.colcon_core.environment:checking '/home/user/ros2_ws/src/install/cpp_pubsub/lib/python3.10/site-packages'
[1.663s] Level 1:colcon.colcon_core.environment:checking '/home/user/ros2_ws/src/install/cpp_pubsub/bin'
[1.679s] INFO:colcon.colcon_core.shell:Creating package script '/home/user/ros2_ws/src/install/cpp_pubsub/share/cpp_pubsub/package.ps1'
[1.680s] INFO:colcon.colcon_core.shell:Creating package descriptor '/home/user/ros2_ws/src/install/cpp_pubsub/share/cpp_pubsub/package.dsv'
[1.680s] INFO:colcon.colcon_core.shell:Creating package script '/home/user/ros2_ws/src/install/cpp_pubsub/share/cpp_pubsub/package.sh'
[1.681s] INFO:colcon.colcon_core.shell:Creating package script '/home/user/ros2_ws/src/install/cpp_pubsub/share/cpp_pubsub/package.bash'
[1.682s] INFO:colcon.colcon_core.shell:Creating package script '/home/user/ros2_ws/src/install/cpp_pubsub/share/cpp_pubsub/package.zsh'
[1.683s] Level 1:colcon.colcon_core.environment:create_file_with_runtime_dependencies(/home/user/ros2_ws/src/install/cpp_pubsub/share/colcon-core/packages/cpp_pubsub)
[1.720s] Level 1:colcon.colcon_core.environment:create_environment_scripts_only(cpp_pubsub)
[1.736s] Level 1:colcon.colcon_core.environment:checking '/home/user/ros2_ws/src/install/cpp_pubsub' for CMake module files
[1.737s] Level 1:colcon.colcon_core.environment:checking '/home/user/ros2_ws/src/install/cpp_pubsub' for CMake config files
[1.737s] Level 1:colcon.colcon_core.shell:create_environment_hook('cpp_pubsub', 'cmake_prefix_path')
[1.754s] INFO:colcon.colcon_core.shell:Creating environment hook '/home/user/ros2_ws/src/install/cpp_pubsub/share/cpp_pubsub/hook/cmake_prefix_path.ps1'
[1.754s] INFO:colcon.colcon_core.shell:Creating environment descriptor '/home/user/ros2_ws/src/install/cpp_pubsub/share/cpp_pubsub/hook/cmake_prefix_path.dsv'
[1.755s] INFO:colcon.colcon_core.shell:Creating environment hook '/home/user/ros2_ws/src/install/cpp_pubsub/share/cpp_pubsub/hook/cmake_prefix_path.sh'
[1.755s] Level 1:colcon.colcon_core.environment:checking '/home/user/ros2_ws/src/install/cpp_pubsub/lib'
[1.755s] Level 1:colcon.colcon_core.environment:checking '/home/user/ros2_ws/src/install/cpp_pubsub/bin'
[1.755s] Level 1:colcon.colcon_core.environment:checking '/home/user/ros2_ws/src/install/cpp_pubsub/lib/pkgconfig/cpp_pubsub.pc'
[1.756s] Level 1:colcon.colcon_core.environment:checking '/home/user/ros2_ws/src/install/cpp_pubsub/lib/python3.10/site-packages'
[1.756s] Level 1:colcon.colcon_core.environment:checking '/home/user/ros2_ws/src/install/cpp_pubsub/bin'
[1.772s] INFO:colcon.colcon_core.shell:Creating package script '/home/user/ros2_ws/src/install/cpp_pubsub/share/cpp_pubsub/package.ps1'
[1.772s] INFO:colcon.colcon_core.shell:Creating package descriptor '/home/user/ros2_ws/src/install/cpp_pubsub/share/cpp_pubsub/package.dsv'
[1.773s] INFO:colcon.colcon_core.shell:Creating package script '/home/user/ros2_ws/src/install/cpp_pubsub/share/cpp_pubsub/package.sh'
[1.773s] INFO:colcon.colcon_core.shell:Creating package script '/home/user/ros2_ws/src/install/cpp_pubsub/share/cpp_pubsub/package.bash'
[1.774s] INFO:colcon.colcon_core.shell:Creating package script '/home/user/ros2_ws/src/install/cpp_pubsub/share/cpp_pubsub/package.zsh'
[1.774s] Level 1:colcon.colcon_core.environment:create_file_with_runtime_dependencies(/home/user/ros2_ws/src/install/cpp_pubsub/share/colcon-core/packages/cpp_pubsub)
[4.866s] DEBUG:colcon.colcon_core.event_handler.log_command:Invoked command in '/home/user/ros2_ws/src/build/roboclaw_ros2' returned '2': CMAKE_PREFIX_PATH=${CMAKE_PREFIX_PATH}:/opt/ros/humble /usr/bin/cmake --build /home/user/ros2_ws/src/build/roboclaw_ros2 -- -j12 -l12
[5.115s] Level 1:colcon.colcon_core.environment:create_environment_scripts_only(roboclaw_ros2)
[5.133s] Level 1:colcon.colcon_core.environment:checking '/home/user/ros2_ws/src/install/roboclaw_ros2' for CMake module files
[5.134s] Level 1:colcon.colcon_core.environment:checking '/home/user/ros2_ws/src/install/roboclaw_ros2' for CMake config files
[5.134s] Level 1:colcon.colcon_core.environment:checking '/home/user/ros2_ws/src/install/roboclaw_ros2/bin'
[5.134s] Level 1:colcon.colcon_core.environment:checking '/home/user/ros2_ws/src/install/roboclaw_ros2/lib/pkgconfig/roboclaw_ros2.pc'
[5.134s] Level 1:colcon.colcon_core.environment:checking '/home/user/ros2_ws/src/install/roboclaw_ros2/lib/python3.10/site-packages'
[5.135s] Level 1:colcon.colcon_core.environment:checking '/home/user/ros2_ws/src/install/roboclaw_ros2/bin'
[5.149s] INFO:colcon.colcon_core.shell:Creating package script '/home/user/ros2_ws/src/install/roboclaw_ros2/share/roboclaw_ros2/package.ps1'
[5.150s] INFO:colcon.colcon_core.shell:Creating package descriptor '/home/user/ros2_ws/src/install/roboclaw_ros2/share/roboclaw_ros2/package.dsv'
[5.150s] INFO:colcon.colcon_core.shell:Creating package script '/home/user/ros2_ws/src/install/roboclaw_ros2/share/roboclaw_ros2/package.sh'
[5.151s] INFO:colcon.colcon_core.shell:Creating package script '/home/user/ros2_ws/src/install/roboclaw_ros2/share/roboclaw_ros2/package.bash'
[5.151s] INFO:colcon.colcon_core.shell:Creating package script '/home/user/ros2_ws/src/install/roboclaw_ros2/share/roboclaw_ros2/package.zsh'
[5.151s] Level 1:colcon.colcon_core.environment:create_file_with_runtime_dependencies(/home/user/ros2_ws/src/install/roboclaw_ros2/share/colcon-core/packages/roboclaw_ros2)
[5.162s] DEBUG:colcon.colcon_parallel_executor.executor.parallel:closing loop
[5.162s] DEBUG:colcon.colcon_parallel_executor.executor.parallel:loop closed
[5.162s] DEBUG:colcon.colcon_parallel_executor.executor.parallel:run_until_complete finished with '2'
[5.162s] DEBUG:colcon.colcon_core.event_reactor:joining thread
[5.201s] INFO:colcon.colcon_core.plugin_system:Skipping extension 'colcon_notification.desktop_notification.notify_send': Could not find 'notify-send'
[5.201s] INFO:colcon.colcon_core.plugin_system:Skipping extension 'colcon_notification.desktop_notification.terminal_notifier': Not used on non-Darwin systems
[5.201s] INFO:colcon.colcon_core.plugin_system:Skipping extension 'colcon_notification.desktop_notification.win32': Not used on non-Windows systems
[5.201s] INFO:colcon.colcon_notification.desktop_notification:Sending desktop notification using 'notify2'
[5.203s] DEBUG:colcon.colcon_notification.desktop_notification.notify2:Failed to initialize notify2: org.freedesktop.DBus.Error.Spawn.ExecFailed: /usr/bin/dbus-launch terminated abnormally without any error message
[5.204s] DEBUG:colcon.colcon_core.event_reactor:joined thread
[5.224s] INFO:colcon.colcon_core.shell:Creating prefix script '/home/user/ros2_ws/src/install/local_setup.ps1'
[5.225s] INFO:colcon.colcon_core.shell:Creating prefix util module '/home/user/ros2_ws/src/install/_local_setup_util_ps1.py'
[5.227s] INFO:colcon.colcon_core.shell:Creating prefix chain script '/home/user/ros2_ws/src/install/setup.ps1'
[5.244s] INFO:colcon.colcon_core.shell:Creating prefix script '/home/user/ros2_ws/src/install/local_setup.sh'
[5.244s] INFO:colcon.colcon_core.shell:Creating prefix util module '/home/user/ros2_ws/src/install/_local_setup_util_sh.py'
[5.245s] INFO:colcon.colcon_core.shell:Creating prefix chain script '/home/user/ros2_ws/src/install/setup.sh'
[5.260s] INFO:colcon.colcon_core.shell:Creating prefix script '/home/user/ros2_ws/src/install/local_setup.bash'
[5.260s] INFO:colcon.colcon_core.shell:Creating prefix chain script '/home/user/ros2_ws/src/install/setup.bash'
[5.275s] INFO:colcon.colcon_core.shell:Creating prefix script '/home/user/ros2_ws/src/install/local_setup.zsh'
[5.276s] INFO:colcon.colcon_core.shell:Creating prefix chain script '/home/user/ros2_ws/src/install/setup.zsh'
