[  2%] Built target roboclaw_ros2__cpp
[ 10%] Built target roboclaw_ros2__rosidl_generator_c
[ 10%] Built target ament_cmake_python_copy_roboclaw_ros2
[ 16%] Built target roboclaw_driver
[ 24%] Built target roboclaw_ros2__rosidl_typesupport_introspection_cpp
[ 32%] Built target roboclaw_ros2__rosidl_typesupport_cpp
[ 40%] Built target roboclaw_ros2__rosidl_typesupport_fastrtps_cpp
[ 48%] Built target roboclaw_ros2__rosidl_typesupport_c
[ 56%] Built target roboclaw_ros2__rosidl_typesupport_introspection_c
[ 64%] Built target roboclaw_ros2__rosidl_typesupport_fastrtps_c
[ 66%] [32mBuilding CXX object CMakeFiles/diffdrive_roscore.dir/src/diffdrive_roscore.cpp.o[0m
[ 68%] [32mBuilding CXX object CMakeFiles/roboclaw_roscore.dir/src/roboclaw_roscore.cpp.o[0m
[ 68%] Built target roboclaw_ros2
[ 70%] Built target roboclaw_ros2__py
[ 72%] [32mBuilding C object CMakeFiles/roboclaw_ros2__rosidl_generator_py.dir/rosidl_generator_py/roboclaw_ros2/msg/_roboclaw_motor_velocity_s.c.o[0m
[ 74%] [32mBuilding C object CMakeFiles/roboclaw_ros2__rosidl_generator_py.dir/rosidl_generator_py/roboclaw_ros2/msg/_roboclaw_encoder_steps_s.c.o[0m
[ 76%] [32m[1mLinking C shared library rosidl_generator_py/roboclaw_ros2/libroboclaw_ros2__rosidl_generator_py.so[0m
[ 76%] Built target roboclaw_ros2__rosidl_generator_py
[ 78%] [32mBuilding C object CMakeFiles/roboclaw_ros2__rosidl_typesupport_fastrtps_c__pyext.dir/rosidl_generator_py/roboclaw_ros2/_roboclaw_ros2_s.ep.rosidl_typesupport_fastrtps_c.c.o[0m
[ 80%] [32mBuilding C object CMakeFiles/roboclaw_ros2__rosidl_typesupport_introspection_c__pyext.dir/rosidl_generator_py/roboclaw_ros2/_roboclaw_ros2_s.ep.rosidl_typesupport_introspection_c.c.o[0m
[ 82%] [32mBuilding C object CMakeFiles/roboclaw_ros2__rosidl_typesupport_c__pyext.dir/rosidl_generator_py/roboclaw_ros2/_roboclaw_ros2_s.ep.rosidl_typesupport_c.c.o[0m
running egg_info
writing roboclaw_ros2.egg-info/PKG-INFO
writing dependency_links to roboclaw_ros2.egg-info/dependency_links.txt
writing top-level names to roboclaw_ros2.egg-info/top_level.txt
reading manifest file 'roboclaw_ros2.egg-info/SOURCES.txt'
writing manifest file 'roboclaw_ros2.egg-info/SOURCES.txt'
[ 82%] Built target ament_cmake_python_build_roboclaw_ros2_egg
[ 84%] [32m[1mLinking C shared library rosidl_generator_py/roboclaw_ros2/roboclaw_ros2_s__rosidl_typesupport_introspection_c.cpython-310-x86_64-linux-gnu.so[0m
[ 84%] Built target roboclaw_ros2__rosidl_typesupport_introspection_c__pyext
[ 88%] [32m[1mLinking C shared library rosidl_generator_py/roboclaw_ros2/roboclaw_ros2_s__rosidl_typesupport_fastrtps_c.cpython-310-x86_64-linux-gnu.so[0m
[ 88%] [32m[1mLinking C shared library rosidl_generator_py/roboclaw_ros2/roboclaw_ros2_s__rosidl_typesupport_c.cpython-310-x86_64-linux-gnu.so[0m
[ 88%] Built target roboclaw_ros2__rosidl_typesupport_c__pyext
[ 88%] Built target roboclaw_ros2__rosidl_typesupport_fastrtps_c__pyext
