[  2%] Built target roboclaw_ros2__cpp
[ 10%] Built target roboclaw_ros2__rosidl_generator_c
[ 10%] Built target ament_cmake_python_copy_roboclaw_ros2
[ 16%] Built target roboclaw_driver
[ 24%] Built target roboclaw_ros2__rosidl_typesupport_introspection_cpp
[ 32%] Built target roboclaw_ros2__rosidl_typesupport_fastrtps_cpp
[ 40%] Built target roboclaw_ros2__rosidl_typesupport_introspection_c
[ 48%] Built target roboclaw_ros2__rosidl_typesupport_c
[ 56%] Built target roboclaw_ros2__rosidl_typesupport_cpp
[ 64%] Built target roboclaw_ros2__rosidl_typesupport_fastrtps_c
[ 68%] [32mBuilding CXX object CMakeFiles/roboclaw_roscore.dir/src/roboclaw_roscore.cpp.o[0m
[ 68%] [32mBuilding CXX object CMakeFiles/diffdrive_roscore.dir/src/diffdrive_roscore.cpp.o[0m
[ 68%] Built target roboclaw_ros2
[ 70%] Built target roboclaw_ros2__py
[ 76%] Built target roboclaw_ros2__rosidl_generator_py
[ 80%] Built target roboclaw_ros2__rosidl_typesupport_c__pyext
[ 84%] Built target roboclaw_ros2__rosidl_typesupport_fastrtps_c__pyext
[ 88%] Built target roboclaw_ros2__rosidl_typesupport_introspection_c__pyext
running egg_info
writing roboclaw_ros2.egg-info/PKG-INFO
writing dependency_links to roboclaw_ros2.egg-info/dependency_links.txt
writing top-level names to roboclaw_ros2.egg-info/top_level.txt
reading manifest file 'roboclaw_ros2.egg-info/SOURCES.txt'
writing manifest file 'roboclaw_ros2.egg-info/SOURCES.txt'
[ 88%] Built target ament_cmake_python_build_roboclaw_ros2_egg
